<?xml version="1.0" encoding="UTF-8"?>
<testng-results ignored="2" total="3" passed="1" failed="0" skipped="0">
  <reporter-output>
    <line>
      <![CDATA[Browser Launched successfully]]>
    </line>
    <line>
      <![CDATA[Sucessfully validated the three slides ]]>
    </line>
  </reporter-output>
  <suite started-at="2019-12-12T11:06:21Z" name="Default suite" finished-at="2019-12-12T11:07:47Z" duration-ms="85216">
    <groups>
    </groups>
    <test started-at="2019-12-12T11:06:21Z" name="Default test" finished-at="2019-12-12T11:07:47Z" duration-ms="85216">
      <class name="com.pa.qa.testcases.HomePageTest">
        <test-method is-config="true" signature="ConfigureReport()[pri:0, instance:com.pa.qa.testcases.HomePageTest@4c39bec8]" started-at="2019-12-12T16:36:21Z" name="ConfigureReport" finished-at="2019-12-12T16:36:22Z" duration-ms="446" status="PASS">
          <reporter-output>
          </reporter-output>
        </test-method> <!-- ConfigureReport -->
        <test-method is-config="true" signature="setUp()[pri:0, instance:com.pa.qa.testcases.HomePageTest@4c39bec8]" started-at="2019-12-12T16:36:22Z" name="setUp" finished-at="2019-12-12T16:37:00Z" duration-ms="38063" status="PASS">
          <reporter-output>
            <line>
              <![CDATA[Browser Launched successfully]]>
            </line>
          </reporter-output>
        </test-method> <!-- setUp -->
        <test-method signature="HomePageNewArrivalsNavigateTest()[pri:0, instance:com.pa.qa.testcases.HomePageTest@4c39bec8]" started-at="2019-12-12T16:37:00Z" name="HomePageNewArrivalsNavigateTest" finished-at="2019-12-12T16:37:44Z" duration-ms="44345" status="PASS">
          <reporter-output>
            <line>
              <![CDATA[Sucessfully validated the three slides ]]>
            </line>
          </reporter-output>
        </test-method> <!-- HomePageNewArrivalsNavigateTest -->
        <test-method is-config="true" signature="getResult(org.testng.ITestResult)[pri:0, instance:com.pa.qa.testcases.HomePageTest@4c39bec8]" started-at="2019-12-12T16:37:44Z" name="getResult" finished-at="2019-12-12T16:37:46Z" duration-ms="1191" status="PASS">
          <params>
            <param index="0">
              <value>
                <![CDATA[[TestResult name=HomePageNewArrivalsNavigateTest status=SUCCESS method=HomePageTest.HomePageNewArrivalsNavigateTest()[pri:0, instance:com.pa.qa.testcases.HomePageTest@4c39bec8] output=Sucessfully validated the three slides ]]]>
              </value>
            </param>
          </params>
          <reporter-output>
          </reporter-output>
        </test-method> <!-- getResult -->
        <test-method is-config="true" signature="tearDown()[pri:0, instance:com.pa.qa.testcases.HomePageTest@4c39bec8]" started-at="2019-12-12T16:37:46Z" name="tearDown" finished-at="2019-12-12T16:37:47Z" duration-ms="1133" status="PASS">
          <reporter-output>
          </reporter-output>
        </test-method> <!-- tearDown -->
      </class> <!-- com.pa.qa.testcases.HomePageTest -->
    </test> <!-- Default test -->
  </suite> <!-- Default suite -->
</testng-results>
