<?xml version="1.0" encoding="UTF-8"?>
<!-- Generated by org.testng.reporters.JUnitXMLReporter -->
<testsuite ignored="2" hostname="DESKTOP-C2I0Q31" failures="0" tests="1" name="Default test" time="85.216" errors="0" timestamp="12 Dec 2019 11:07:47 GMT">
  <testcase classname="com.pa.qa.testcases.HomePageTest" name="HomePageNewArrivalsNavigateTest" time="44.345"/>
  <testcase classname="com.pa.qa.testcases.HomePageTest" name="HomePageArrivalsTest" time="0.0">
    <ignored/>
  </testcase> <!-- HomePageArrivalsTest -->
  <testcase classname="com.pa.qa.testcases.HomePageTest" name="HomePageSlidesTest" time="0.0">
    <ignored/>
  </testcase> <!-- HomePageSlidesTest -->
</testsuite> <!-- Default test -->
